<?xml version="1.0" encoding="UTF-8"?>
<testsuite name="example.micronaut.HelloControllerTest" tests="1" skipped="0" failures="0" errors="0" timestamp="2020-06-14T11:19:00" hostname="Vedesh-HP-Pavilion-15-NoteBook-PC" time="2.298">
  <properties/>
  <testcase name="testHello()" classname="example.micronaut.HelloControllerTest" time="2.298"/>
  <system-out><![CDATA[?[36m16:48:57.349?[0;39m ?[1;30m[Test worker]?[0;39m ?[34mINFO ?[0;39m ?[35mi.m.context.env.DefaultEnvironment?[0;39m - Established active environments: [test]
]]></system-out>
  <system-err><![CDATA[]]></system-err>
</testsuite>
